android/build/intermediates/manifest_merge_blame_file/debug/manifest-merger-blame-debug-report.txt
1<?xml version="1.0" encoding="utf-8"?>
2<manifest xmlns:android="http://schemas.android.com/apk/res/android"
3    package="com.maazter.rn.player" >
4
5    <uses-sdk
6        android:minSdkVersion="21"
6-->src\main\AndroidManifest.xml
7        android:targetSdkVersion="31" />
7-->src\main\AndroidManifest.xml
8
9    <uses-permission android:name="android.permission.RECEIVE_BOOT_COMPLETED" />
9-->src\main\AndroidManifest.xml:4:3-79
9-->src\main\AndroidManifest.xml:4:20-76
10    <uses-permission android:name="android.permission.FOREGROUND_SERVICE" />
10-->src\main\AndroidManifest.xml:5:3-75
10-->src\main\AndroidManifest.xml:5:20-72
11    <uses-permission android:name="android.permission.READ_EXTERNAL_STORAGE" />
11-->src\main\AndroidManifest.xml:6:3-77
11-->src\main\AndroidManifest.xml:6:20-75
12
13    <application>
13-->src\main\AndroidManifest.xml:8:3-15:17
14        <service
14-->src\main\AndroidManifest.xml:9:5-14:15
15            android:name="com.maazter.rn.player.downloader.MaazterDownloadService"
15-->src\main\AndroidManifest.xml:9:14-84
16            android:exported="false" >
16-->src\main\AndroidManifest.xml:9:85-109
17            <intent-filter>
17-->src\main\AndroidManifest.xml:10:7-13:23
18                <action android:name="com.google.android.exoplayer.downloadService.action.RESTART" />
18-->src\main\AndroidManifest.xml:11:9-93
18-->src\main\AndroidManifest.xml:11:17-91
19
20                <category android:name="android.intent.category.DEFAULT" />
20-->src\main\AndroidManifest.xml:12:9-67
20-->src\main\AndroidManifest.xml:12:19-65
21            </intent-filter>
22        </service>
23    </application>
24
25</manifest>